<?xml version="1.0" encoding="UTF-8"?>
<testsuite xmlns:xsi="http://www.w3.org/2001/XMLSchema-instance" xsi:noNamespaceSchemaLocation="https://maven.apache.org/surefire/maven-surefire-plugin/xsd/surefire-test-report-3.0.xsd" version="3.0" name="TestSuite" time="39.302" tests="2" errors="0" skipped="0" failures="0">
  <properties>
    <property name="sun.desktop" value="windows"/>
    <property name="awt.toolkit" value="sun.awt.windows.WToolkit"/>
    <property name="file.encoding.pkg" value="sun.io"/>
    <property name="java.specification.version" value="1.8"/>
    <property name="webdriver.chrome.driver" value="C:\Users\288568\.cache\selenium\chromedriver\win32\96.0.4664.45\chromedriver.exe"/>
    <property name="sun.cpu.isalist" value="amd64"/>
    <property name="sun.jnu.encoding" value="Cp1252"/>
    <property name="java.class.path" value="C:\Users\288568\Desktop\Conneqt_Solutions\CBSL_Framework\target\test-classes;C:\Users\288568\Desktop\Conneqt_Solutions\CBSL_Framework\target\classes;C:\Users\288568\.m2\repository\org\apache\maven\plugins\maven-jar-plugin\3.0.2\maven-jar-plugin-3.0.2.jar;C:\Users\288568\.m2\repository\org\apache\maven\maven-plugin-api\3.0\maven-plugin-api-3.0.jar;C:\Users\288568\.m2\repository\org\apache\maven\maven-model\3.0\maven-model-3.0.jar;C:\Users\288568\.m2\repository\org\sonatype\sisu\sisu-inject-plexus\1.4.2\sisu-inject-plexus-1.4.2.jar;C:\Users\288568\.m2\repository\org\sonatype\sisu\sisu-inject-bean\1.4.2\sisu-inject-bean-1.4.2.jar;C:\Users\288568\.m2\repository\org\sonatype\sisu\sisu-guice\2.1.7\sisu-guice-2.1.7-noaop.jar;C:\Users\288568\.m2\repository\org\apache\maven\maven-core\3.0\maven-core-3.0.jar;C:\Users\288568\.m2\repository\org\apache\maven\maven-settings\3.0\maven-settings-3.0.jar;C:\Users\288568\.m2\repository\org\apache\maven\maven-settings-builder\3.0\maven-settings-builder-3.0.jar;C:\Users\288568\.m2\repository\org\apache\maven\maven-repository-metadata\3.0\maven-repository-metadata-3.0.jar;C:\Users\288568\.m2\repository\org\apache\maven\maven-model-builder\3.0\maven-model-builder-3.0.jar;C:\Users\288568\.m2\repository\org\apache\maven\maven-aether-provider\3.0\maven-aether-provider-3.0.jar;C:\Users\288568\.m2\repository\org\sonatype\aether\aether-impl\1.7\aether-impl-1.7.jar;C:\Users\288568\.m2\repository\org\sonatype\aether\aether-spi\1.7\aether-spi-1.7.jar;C:\Users\288568\.m2\repository\org\sonatype\aether\aether-api\1.7\aether-api-1.7.jar;C:\Users\288568\.m2\repository\org\sonatype\aether\aether-util\1.7\aether-util-1.7.jar;C:\Users\288568\.m2\repository\org\codehaus\plexus\plexus-interpolation\1.14\plexus-interpolation-1.14.jar;C:\Users\288568\.m2\repository\org\codehaus\plexus\plexus-classworlds\2.2.3\plexus-classworlds-2.2.3.jar;C:\Users\288568\.m2\repository\org\codehaus\plexus\plexus-component-annotations\1.5.5\plexus-component-annotations-1.5.5.jar;C:\Users\288568\.m2\repository\org\sonatype\plexus\plexus-sec-dispatcher\1.3\plexus-sec-dispatcher-1.3.jar;C:\Users\288568\.m2\repository\org\sonatype\plexus\plexus-cipher\1.4\plexus-cipher-1.4.jar;C:\Users\288568\.m2\repository\org\apache\maven\maven-artifact\3.0\maven-artifact-3.0.jar;C:\Users\288568\.m2\repository\org\apache\maven\maven-archiver\3.1.1\maven-archiver-3.1.1.jar;C:\Users\288568\.m2\repository\org\apache\maven\shared\maven-shared-utils\3.0.1\maven-shared-utils-3.0.1.jar;C:\Users\288568\.m2\repository\commons-io\commons-io\2.5\commons-io-2.5.jar;C:\Users\288568\.m2\repository\org\codehaus\plexus\plexus-archiver\3.4\plexus-archiver-3.4.jar;C:\Users\288568\.m2\repository\org\codehaus\plexus\plexus-io\2.7.1\plexus-io-2.7.1.jar;C:\Users\288568\.m2\repository\org\iq80\snappy\snappy\0.4\snappy-0.4.jar;C:\Users\288568\.m2\repository\org\tukaani\xz\1.5\xz-1.5.jar;C:\Users\288568\.m2\repository\org\codehaus\plexus\plexus-utils\3.0.24\plexus-utils-3.0.24.jar;C:\Users\288568\.m2\repository\io\github\bonigarcia\webdrivermanager\5.0.3\webdrivermanager-5.0.3.jar;C:\Users\288568\.m2\repository\org\slf4j\slf4j-api\1.7.32\slf4j-api-1.7.32.jar;C:\Users\288568\.m2\repository\com\google\code\gson\gson\2.8.8\gson-2.8.8.jar;C:\Users\288568\.m2\repository\org\jsoup\jsoup\1.14.2\jsoup-1.14.2.jar;C:\Users\288568\.m2\repository\com\github\docker-java\docker-java\3.2.12\docker-java-3.2.12.jar;C:\Users\288568\.m2\repository\com\github\docker-java\docker-java-core\3.2.12\docker-java-core-3.2.12.jar;C:\Users\288568\.m2\repository\com\github\docker-java\docker-java-api\3.2.12\docker-java-api-3.2.12.jar;C:\Users\288568\.m2\repository\com\fasterxml\jackson\core\jackson-annotations\2.10.3\jackson-annotations-2.10.3.jar;C:\Users\288568\.m2\repository\commons-lang\commons-lang\2.6\commons-lang-2.6.jar;C:\Users\288568\.m2\repository\com\fasterxml\jackson\core\jackson-databind\2.10.3\jackson-databind-2.10.3.jar;C:\Users\288568\.m2\repository\com\fasterxml\jackson\core\jackson-core\2.10.3\jackson-core-2.10.3.jar;C:\Users\288568\.m2\repository\com\github\docker-java\docker-java-transport-httpclient5\3.2.12\docker-java-transport-httpclient5-3.2.12.jar;C:\Users\288568\.m2\repository\com\github\docker-java\docker-java-transport\3.2.12\docker-java-transport-3.2.12.jar;C:\Users\288568\.m2\repository\org\apache\httpcomponents\client5\httpclient5\5.0.3\httpclient5-5.0.3.jar;C:\Users\288568\.m2\repository\org\apache\httpcomponents\core5\httpcore5\5.0.2\httpcore5-5.0.2.jar;C:\Users\288568\.m2\repository\net\java\dev\jna\jna\5.8.0\jna-5.8.0.jar;C:\Users\288568\.m2\repository\com\google\guava\guava\30.1.1-jre\guava-30.1.1-jre.jar;C:\Users\288568\.m2\repository\com\google\guava\failureaccess\1.0.1\failureaccess-1.0.1.jar;C:\Users\288568\.m2\repository\com\google\guava\listenablefuture\9999.0-empty-to-avoid-conflict-with-guava\listenablefuture-9999.0-empty-to-avoid-conflict-with-guava.jar;C:\Users\288568\.m2\repository\com\google\code\findbugs\jsr305\3.0.2\jsr305-3.0.2.jar;C:\Users\288568\.m2\repository\org\checkerframework\checker-qual\3.8.0\checker-qual-3.8.0.jar;C:\Users\288568\.m2\repository\com\google\errorprone\error_prone_annotations\2.5.1\error_prone_annotations-2.5.1.jar;C:\Users\288568\.m2\repository\com\google\j2objc\j2objc-annotations\1.3\j2objc-annotations-1.3.jar;C:\Users\288568\.m2\repository\org\brotli\dec\0.1.2\dec-0.1.2.jar;C:\Users\288568\.m2\repository\org\slf4j\slf4j-simple\1.7.21\slf4j-simple-1.7.21.jar;C:\Users\288568\.m2\repository\org\seleniumhq\selenium\selenium-server\3.141.59\selenium-server-3.141.59.jar;C:\Users\288568\.m2\repository\org\seleniumhq\selenium\selenium-api\3.141.59\selenium-api-3.141.59.jar;C:\Users\288568\.m2\repository\org\seleniumhq\selenium\selenium-chrome-driver\3.141.59\selenium-chrome-driver-3.141.59.jar;C:\Users\288568\.m2\repository\org\seleniumhq\selenium\selenium-edge-driver\3.141.59\selenium-edge-driver-3.141.59.jar;C:\Users\288568\.m2\repository\org\seleniumhq\selenium\selenium-firefox-driver\3.141.59\selenium-firefox-driver-3.141.59.jar;C:\Users\288568\.m2\repository\org\seleniumhq\selenium\selenium-ie-driver\3.141.59\selenium-ie-driver-3.141.59.jar;C:\Users\288568\.m2\repository\org\seleniumhq\selenium\selenium-opera-driver\3.141.59\selenium-opera-driver-3.141.59.jar;C:\Users\288568\.m2\repository\org\seleniumhq\selenium\selenium-remote-driver\3.141.59\selenium-remote-driver-3.141.59.jar;C:\Users\288568\.m2\repository\org\seleniumhq\selenium\selenium-safari-driver\3.141.59\selenium-safari-driver-3.141.59.jar;C:\Users\288568\.m2\repository\org\seleniumhq\selenium\selenium-support\3.141.59\selenium-support-3.141.59.jar;C:\Users\288568\.m2\repository\com\beust\jcommander\1.72\jcommander-1.72.jar;C:\Users\288568\.m2\repository\net\bytebuddy\byte-buddy\1.8.15\byte-buddy-1.8.15.jar;C:\Users\288568\.m2\repository\org\apache\commons\commons-exec\1.3\commons-exec-1.3.jar;C:\Users\288568\.m2\repository\net\jcip\jcip-annotations\1.0\jcip-annotations-1.0.jar;C:\Users\288568\.m2\repository\org\seleniumhq\selenium\jetty-repacked\9.4.12.v20180830\jetty-repacked-9.4.12.v20180830.jar;C:\Users\288568\.m2\repository\com\squareup\okhttp3\okhttp\3.11.0\okhttp-3.11.0.jar;C:\Users\288568\.m2\repository\com\squareup\okio\okio\1.14.0\okio-1.14.0.jar;C:\Users\288568\.m2\repository\javax\servlet\javax.servlet-api\3.1.0\javax.servlet-api-3.1.0.jar;C:\Users\288568\.m2\repository\org\yaml\snakeyaml\1.19\snakeyaml-1.19.jar;C:\Users\288568\.m2\repository\org\seleniumhq\selenium\selenium-java\4.0.0\selenium-java-4.0.0.jar;C:\Users\288568\.m2\repository\org\seleniumhq\selenium\selenium-devtools-v85\4.0.0\selenium-devtools-v85-4.0.0.jar;C:\Users\288568\.m2\repository\com\google\auto\service\auto-service-annotations\1.0\auto-service-annotations-1.0.jar;C:\Users\288568\.m2\repository\com\google\auto\service\auto-service\1.0\auto-service-1.0.jar;C:\Users\288568\.m2\repository\com\google\auto\auto-common\1.0\auto-common-1.0.jar;C:\Users\288568\.m2\repository\org\seleniumhq\selenium\selenium-json\4.0.0\selenium-json-4.0.0.jar;C:\Users\288568\.m2\repository\org\seleniumhq\selenium\selenium-devtools-v93\4.0.0\selenium-devtools-v93-4.0.0.jar;C:\Users\288568\.m2\repository\org\seleniumhq\selenium\selenium-devtools-v94\4.0.0\selenium-devtools-v94-4.0.0.jar;C:\Users\288568\.m2\repository\org\seleniumhq\selenium\selenium-devtools-v95\4.0.0\selenium-devtools-v95-4.0.0.jar;C:\Users\288568\.m2\repository\org\seleniumhq\selenium\selenium-firefox-xpi-driver\4.0.0\selenium-firefox-xpi-driver-4.0.0.jar;C:\Users\288568\.m2\repository\com\aventstack\extentreports\4.0.6\extentreports-4.0.6.jar;C:\Users\288568\.m2\repository\org\freemarker\freemarker\2.3.23\freemarker-2.3.23.jar;C:\Users\288568\.m2\repository\org\mongodb\mongodb-driver\3.3.0\mongodb-driver-3.3.0.jar;C:\Users\288568\.m2\repository\org\mongodb\mongodb-driver-core\3.3.0\mongodb-driver-core-3.3.0.jar;C:\Users\288568\.m2\repository\org\mongodb\bson\3.3.0\bson-3.3.0.jar;C:\Users\288568\.m2\repository\org\apache\httpcomponents\httpclient\4.5.2\httpclient-4.5.2.jar;C:\Users\288568\.m2\repository\org\apache\httpcomponents\httpcore\4.4.4\httpcore-4.4.4.jar;C:\Users\288568\.m2\repository\commons-logging\commons-logging\1.2\commons-logging-1.2.jar;C:\Users\288568\.m2\repository\org\apache\httpcomponents\httpmime\4.5.2\httpmime-4.5.2.jar;C:\Users\288568\.m2\repository\org\apache\poi\poi\5.0.0\poi-5.0.0.jar;C:\Users\288568\.m2\repository\org\slf4j\jcl-over-slf4j\1.7.30\jcl-over-slf4j-1.7.30.jar;C:\Users\288568\.m2\repository\commons-codec\commons-codec\1.15\commons-codec-1.15.jar;C:\Users\288568\.m2\repository\org\apache\commons\commons-collections4\4.4\commons-collections4-4.4.jar;C:\Users\288568\.m2\repository\org\apache\commons\commons-math3\3.6.1\commons-math3-3.6.1.jar;C:\Users\288568\.m2\repository\com\zaxxer\SparseBitSet\1.2\SparseBitSet-1.2.jar;C:\Users\288568\.m2\repository\org\apache\poi\poi-ooxml\5.0.0\poi-ooxml-5.0.0.jar;C:\Users\288568\.m2\repository\org\apache\poi\poi-ooxml-lite\5.0.0\poi-ooxml-lite-5.0.0.jar;C:\Users\288568\.m2\repository\org\apache\xmlbeans\xmlbeans\4.0.0\xmlbeans-4.0.0.jar;C:\Users\288568\.m2\repository\xml-apis\xml-apis\1.4.01\xml-apis-1.4.01.jar;C:\Users\288568\.m2\repository\org\apache\commons\commons-compress\1.20\commons-compress-1.20.jar;C:\Users\288568\.m2\repository\com\github\virtuald\curvesapi\1.06\curvesapi-1.06.jar;C:\Users\288568\.m2\repository\org\bouncycastle\bcpkix-jdk15on\1.68\bcpkix-jdk15on-1.68.jar;C:\Users\288568\.m2\repository\org\bouncycastle\bcprov-jdk15on\1.68\bcprov-jdk15on-1.68.jar;C:\Users\288568\.m2\repository\org\apache\santuario\xmlsec\2.2.1\xmlsec-2.2.1.jar;C:\Users\288568\.m2\repository\com\fasterxml\woodstox\woodstox-core\5.2.1\woodstox-core-5.2.1.jar;C:\Users\288568\.m2\repository\org\codehaus\woodstox\stax2-api\4.2\stax2-api-4.2.jar;C:\Users\288568\.m2\repository\org\apache\xmlgraphics\batik-all\1.13\batik-all-1.13.jar;C:\Users\288568\.m2\repository\org\apache\xmlgraphics\batik-anim\1.13\batik-anim-1.13.jar;C:\Users\288568\.m2\repository\org\apache\xmlgraphics\batik-shared-resources\1.13\batik-shared-resources-1.13.jar;C:\Users\288568\.m2\repository\xml-apis\xml-apis-ext\1.3.04\xml-apis-ext-1.3.04.jar;C:\Users\288568\.m2\repository\org\apache\xmlgraphics\batik-awt-util\1.13\batik-awt-util-1.13.jar;C:\Users\288568\.m2\repository\org\apache\xmlgraphics\xmlgraphics-commons\2.4\xmlgraphics-commons-2.4.jar;C:\Users\288568\.m2\repository\org\apache\xmlgraphics\batik-bridge\1.13\batik-bridge-1.13.jar;C:\Users\288568\.m2\repository\org\apache\xmlgraphics\batik-codec\1.13\batik-codec-1.13.jar;C:\Users\288568\.m2\repository\org\apache\xmlgraphics\batik-constants\1.13\batik-constants-1.13.jar;C:\Users\288568\.m2\repository\org\apache\xmlgraphics\batik-css\1.13\batik-css-1.13.jar;C:\Users\288568\.m2\repository\org\apache\xmlgraphics\batik-dom\1.13\batik-dom-1.13.jar;C:\Users\288568\.m2\repository\xalan\xalan\2.7.2\xalan-2.7.2.jar;C:\Users\288568\.m2\repository\xalan\serializer\2.7.2\serializer-2.7.2.jar;C:\Users\288568\.m2\repository\org\apache\xmlgraphics\batik-ext\1.13\batik-ext-1.13.jar;C:\Users\288568\.m2\repository\org\apache\xmlgraphics\batik-extension\1.13\batik-extension-1.13.jar;C:\Users\288568\.m2\repository\org\apache\xmlgraphics\batik-gui-util\1.13\batik-gui-util-1.13.jar;C:\Users\288568\.m2\repository\org\apache\xmlgraphics\batik-gvt\1.13\batik-gvt-1.13.jar;C:\Users\288568\.m2\repository\org\apache\xmlgraphics\batik-i18n\1.13\batik-i18n-1.13.jar;C:\Users\288568\.m2\repository\org\apache\xmlgraphics\batik-parser\1.13\batik-parser-1.13.jar;C:\Users\288568\.m2\repository\org\apache\xmlgraphics\batik-rasterizer-ext\1.13\batik-rasterizer-ext-1.13.jar;C:\Users\288568\.m2\repository\org\apache\xmlgraphics\batik-rasterizer\1.13\batik-rasterizer-1.13.jar;C:\Users\288568\.m2\repository\org\apache\xmlgraphics\batik-script\1.13\batik-script-1.13.jar;C:\Users\288568\.m2\repository\org\apache\xmlgraphics\batik-slideshow\1.13\batik-slideshow-1.13.jar;C:\Users\288568\.m2\repository\org\apache\xmlgraphics\batik-squiggle-ext\1.13\batik-squiggle-ext-1.13.jar;C:\Users\288568\.m2\repository\org\apache\xmlgraphics\batik-squiggle\1.13\batik-squiggle-1.13.jar;C:\Users\288568\.m2\repository\org\apache\xmlgraphics\batik-svg-dom\1.13\batik-svg-dom-1.13.jar;C:\Users\288568\.m2\repository\org\apache\xmlgraphics\batik-svgbrowser\1.13\batik-svgbrowser-1.13.jar;C:\Users\288568\.m2\repository\org\apache\xmlgraphics\batik-svggen\1.13\batik-svggen-1.13.jar;C:\Users\288568\.m2\repository\org\apache\xmlgraphics\batik-svgpp\1.13\batik-svgpp-1.13.jar;C:\Users\288568\.m2\repository\org\apache\xmlgraphics\batik-svgrasterizer\1.13\batik-svgrasterizer-1.13.jar;C:\Users\288568\.m2\repository\org\apache\xmlgraphics\batik-swing\1.13\batik-swing-1.13.jar;C:\Users\288568\.m2\repository\org\apache\xmlgraphics\batik-transcoder\1.13\batik-transcoder-1.13.jar;C:\Users\288568\.m2\repository\org\apache\xmlgraphics\batik-util\1.13\batik-util-1.13.jar;C:\Users\288568\.m2\repository\org\apache\xmlgraphics\batik-ttf2svg\1.13\batik-ttf2svg-1.13.jar;C:\Users\288568\.m2\repository\org\apache\xmlgraphics\batik-xml\1.13\batik-xml-1.13.jar;C:\Users\288568\.m2\repository\de\rototor\pdfbox\graphics2d\0.30\graphics2d-0.30.jar;C:\Users\288568\.m2\repository\org\apache\pdfbox\pdfbox\2.0.22\pdfbox-2.0.22.jar;C:\Users\288568\.m2\repository\org\apache\pdfbox\fontbox\2.0.22\fontbox-2.0.22.jar;C:\Users\288568\.m2\repository\org\testng\testng\7.4.0\testng-7.4.0.jar;C:\Users\288568\.m2\repository\org\webjars\jquery\3.5.1\jquery-3.5.1.jar;"/>
    <property name="java.vm.vendor" value="Oracle Corporation"/>
    <property name="sun.arch.data.model" value="64"/>
    <property name="user.variant" value=""/>
    <property name="java.vendor.url" value="http://java.oracle.com/"/>
    <property name="user.timezone" value="Asia/Calcutta"/>
    <property name="java.vm.specification.version" value="1.8"/>
    <property name="os.name" value="Windows 10"/>
    <property name="user.country" value="IN"/>
    <property name="sun.java.launcher" value="SUN_STANDARD"/>
    <property name="sun.boot.library.path" value="C:\Program Files\Java\jdk1.8.0_301\jre\bin"/>
    <property name="sun.java.command" value="C:\Users\288568\AppData\Local\Temp\surefire3094130107032956364\surefirebooter500034279025941961.jar C:\Users\288568\AppData\Local\Temp\surefire3094130107032956364 2021-12-03T11-17-50_522-jvmRun1 surefire2028641345714119846tmp surefire_01994409797586196912tmp"/>
    <property name="surefire.test.class.path" value="C:\Users\288568\Desktop\Conneqt_Solutions\CBSL_Framework\target\test-classes;C:\Users\288568\Desktop\Conneqt_Solutions\CBSL_Framework\target\classes;C:\Users\288568\.m2\repository\org\apache\maven\plugins\maven-jar-plugin\3.0.2\maven-jar-plugin-3.0.2.jar;C:\Users\288568\.m2\repository\org\apache\maven\maven-plugin-api\3.0\maven-plugin-api-3.0.jar;C:\Users\288568\.m2\repository\org\apache\maven\maven-model\3.0\maven-model-3.0.jar;C:\Users\288568\.m2\repository\org\sonatype\sisu\sisu-inject-plexus\1.4.2\sisu-inject-plexus-1.4.2.jar;C:\Users\288568\.m2\repository\org\sonatype\sisu\sisu-inject-bean\1.4.2\sisu-inject-bean-1.4.2.jar;C:\Users\288568\.m2\repository\org\sonatype\sisu\sisu-guice\2.1.7\sisu-guice-2.1.7-noaop.jar;C:\Users\288568\.m2\repository\org\apache\maven\maven-core\3.0\maven-core-3.0.jar;C:\Users\288568\.m2\repository\org\apache\maven\maven-settings\3.0\maven-settings-3.0.jar;C:\Users\288568\.m2\repository\org\apache\maven\maven-settings-builder\3.0\maven-settings-builder-3.0.jar;C:\Users\288568\.m2\repository\org\apache\maven\maven-repository-metadata\3.0\maven-repository-metadata-3.0.jar;C:\Users\288568\.m2\repository\org\apache\maven\maven-model-builder\3.0\maven-model-builder-3.0.jar;C:\Users\288568\.m2\repository\org\apache\maven\maven-aether-provider\3.0\maven-aether-provider-3.0.jar;C:\Users\288568\.m2\repository\org\sonatype\aether\aether-impl\1.7\aether-impl-1.7.jar;C:\Users\288568\.m2\repository\org\sonatype\aether\aether-spi\1.7\aether-spi-1.7.jar;C:\Users\288568\.m2\repository\org\sonatype\aether\aether-api\1.7\aether-api-1.7.jar;C:\Users\288568\.m2\repository\org\sonatype\aether\aether-util\1.7\aether-util-1.7.jar;C:\Users\288568\.m2\repository\org\codehaus\plexus\plexus-interpolation\1.14\plexus-interpolation-1.14.jar;C:\Users\288568\.m2\repository\org\codehaus\plexus\plexus-classworlds\2.2.3\plexus-classworlds-2.2.3.jar;C:\Users\288568\.m2\repository\org\codehaus\plexus\plexus-component-annotations\1.5.5\plexus-component-annotations-1.5.5.jar;C:\Users\288568\.m2\repository\org\sonatype\plexus\plexus-sec-dispatcher\1.3\plexus-sec-dispatcher-1.3.jar;C:\Users\288568\.m2\repository\org\sonatype\plexus\plexus-cipher\1.4\plexus-cipher-1.4.jar;C:\Users\288568\.m2\repository\org\apache\maven\maven-artifact\3.0\maven-artifact-3.0.jar;C:\Users\288568\.m2\repository\org\apache\maven\maven-archiver\3.1.1\maven-archiver-3.1.1.jar;C:\Users\288568\.m2\repository\org\apache\maven\shared\maven-shared-utils\3.0.1\maven-shared-utils-3.0.1.jar;C:\Users\288568\.m2\repository\commons-io\commons-io\2.5\commons-io-2.5.jar;C:\Users\288568\.m2\repository\org\codehaus\plexus\plexus-archiver\3.4\plexus-archiver-3.4.jar;C:\Users\288568\.m2\repository\org\codehaus\plexus\plexus-io\2.7.1\plexus-io-2.7.1.jar;C:\Users\288568\.m2\repository\org\iq80\snappy\snappy\0.4\snappy-0.4.jar;C:\Users\288568\.m2\repository\org\tukaani\xz\1.5\xz-1.5.jar;C:\Users\288568\.m2\repository\org\codehaus\plexus\plexus-utils\3.0.24\plexus-utils-3.0.24.jar;C:\Users\288568\.m2\repository\io\github\bonigarcia\webdrivermanager\5.0.3\webdrivermanager-5.0.3.jar;C:\Users\288568\.m2\repository\org\slf4j\slf4j-api\1.7.32\slf4j-api-1.7.32.jar;C:\Users\288568\.m2\repository\com\google\code\gson\gson\2.8.8\gson-2.8.8.jar;C:\Users\288568\.m2\repository\org\jsoup\jsoup\1.14.2\jsoup-1.14.2.jar;C:\Users\288568\.m2\repository\com\github\docker-java\docker-java\3.2.12\docker-java-3.2.12.jar;C:\Users\288568\.m2\repository\com\github\docker-java\docker-java-core\3.2.12\docker-java-core-3.2.12.jar;C:\Users\288568\.m2\repository\com\github\docker-java\docker-java-api\3.2.12\docker-java-api-3.2.12.jar;C:\Users\288568\.m2\repository\com\fasterxml\jackson\core\jackson-annotations\2.10.3\jackson-annotations-2.10.3.jar;C:\Users\288568\.m2\repository\commons-lang\commons-lang\2.6\commons-lang-2.6.jar;C:\Users\288568\.m2\repository\com\fasterxml\jackson\core\jackson-databind\2.10.3\jackson-databind-2.10.3.jar;C:\Users\288568\.m2\repository\com\fasterxml\jackson\core\jackson-core\2.10.3\jackson-core-2.10.3.jar;C:\Users\288568\.m2\repository\com\github\docker-java\docker-java-transport-httpclient5\3.2.12\docker-java-transport-httpclient5-3.2.12.jar;C:\Users\288568\.m2\repository\com\github\docker-java\docker-java-transport\3.2.12\docker-java-transport-3.2.12.jar;C:\Users\288568\.m2\repository\org\apache\httpcomponents\client5\httpclient5\5.0.3\httpclient5-5.0.3.jar;C:\Users\288568\.m2\repository\org\apache\httpcomponents\core5\httpcore5\5.0.2\httpcore5-5.0.2.jar;C:\Users\288568\.m2\repository\net\java\dev\jna\jna\5.8.0\jna-5.8.0.jar;C:\Users\288568\.m2\repository\com\google\guava\guava\30.1.1-jre\guava-30.1.1-jre.jar;C:\Users\288568\.m2\repository\com\google\guava\failureaccess\1.0.1\failureaccess-1.0.1.jar;C:\Users\288568\.m2\repository\com\google\guava\listenablefuture\9999.0-empty-to-avoid-conflict-with-guava\listenablefuture-9999.0-empty-to-avoid-conflict-with-guava.jar;C:\Users\288568\.m2\repository\com\google\code\findbugs\jsr305\3.0.2\jsr305-3.0.2.jar;C:\Users\288568\.m2\repository\org\checkerframework\checker-qual\3.8.0\checker-qual-3.8.0.jar;C:\Users\288568\.m2\repository\com\google\errorprone\error_prone_annotations\2.5.1\error_prone_annotations-2.5.1.jar;C:\Users\288568\.m2\repository\com\google\j2objc\j2objc-annotations\1.3\j2objc-annotations-1.3.jar;C:\Users\288568\.m2\repository\org\brotli\dec\0.1.2\dec-0.1.2.jar;C:\Users\288568\.m2\repository\org\slf4j\slf4j-simple\1.7.21\slf4j-simple-1.7.21.jar;C:\Users\288568\.m2\repository\org\seleniumhq\selenium\selenium-server\3.141.59\selenium-server-3.141.59.jar;C:\Users\288568\.m2\repository\org\seleniumhq\selenium\selenium-api\3.141.59\selenium-api-3.141.59.jar;C:\Users\288568\.m2\repository\org\seleniumhq\selenium\selenium-chrome-driver\3.141.59\selenium-chrome-driver-3.141.59.jar;C:\Users\288568\.m2\repository\org\seleniumhq\selenium\selenium-edge-driver\3.141.59\selenium-edge-driver-3.141.59.jar;C:\Users\288568\.m2\repository\org\seleniumhq\selenium\selenium-firefox-driver\3.141.59\selenium-firefox-driver-3.141.59.jar;C:\Users\288568\.m2\repository\org\seleniumhq\selenium\selenium-ie-driver\3.141.59\selenium-ie-driver-3.141.59.jar;C:\Users\288568\.m2\repository\org\seleniumhq\selenium\selenium-opera-driver\3.141.59\selenium-opera-driver-3.141.59.jar;C:\Users\288568\.m2\repository\org\seleniumhq\selenium\selenium-remote-driver\3.141.59\selenium-remote-driver-3.141.59.jar;C:\Users\288568\.m2\repository\org\seleniumhq\selenium\selenium-safari-driver\3.141.59\selenium-safari-driver-3.141.59.jar;C:\Users\288568\.m2\repository\org\seleniumhq\selenium\selenium-support\3.141.59\selenium-support-3.141.59.jar;C:\Users\288568\.m2\repository\com\beust\jcommander\1.72\jcommander-1.72.jar;C:\Users\288568\.m2\repository\net\bytebuddy\byte-buddy\1.8.15\byte-buddy-1.8.15.jar;C:\Users\288568\.m2\repository\org\apache\commons\commons-exec\1.3\commons-exec-1.3.jar;C:\Users\288568\.m2\repository\net\jcip\jcip-annotations\1.0\jcip-annotations-1.0.jar;C:\Users\288568\.m2\repository\org\seleniumhq\selenium\jetty-repacked\9.4.12.v20180830\jetty-repacked-9.4.12.v20180830.jar;C:\Users\288568\.m2\repository\com\squareup\okhttp3\okhttp\3.11.0\okhttp-3.11.0.jar;C:\Users\288568\.m2\repository\com\squareup\okio\okio\1.14.0\okio-1.14.0.jar;C:\Users\288568\.m2\repository\javax\servlet\javax.servlet-api\3.1.0\javax.servlet-api-3.1.0.jar;C:\Users\288568\.m2\repository\org\yaml\snakeyaml\1.19\snakeyaml-1.19.jar;C:\Users\288568\.m2\repository\org\seleniumhq\selenium\selenium-java\4.0.0\selenium-java-4.0.0.jar;C:\Users\288568\.m2\repository\org\seleniumhq\selenium\selenium-devtools-v85\4.0.0\selenium-devtools-v85-4.0.0.jar;C:\Users\288568\.m2\repository\com\google\auto\service\auto-service-annotations\1.0\auto-service-annotations-1.0.jar;C:\Users\288568\.m2\repository\com\google\auto\service\auto-service\1.0\auto-service-1.0.jar;C:\Users\288568\.m2\repository\com\google\auto\auto-common\1.0\auto-common-1.0.jar;C:\Users\288568\.m2\repository\org\seleniumhq\selenium\selenium-json\4.0.0\selenium-json-4.0.0.jar;C:\Users\288568\.m2\repository\org\seleniumhq\selenium\selenium-devtools-v93\4.0.0\selenium-devtools-v93-4.0.0.jar;C:\Users\288568\.m2\repository\org\seleniumhq\selenium\selenium-devtools-v94\4.0.0\selenium-devtools-v94-4.0.0.jar;C:\Users\288568\.m2\repository\org\seleniumhq\selenium\selenium-devtools-v95\4.0.0\selenium-devtools-v95-4.0.0.jar;C:\Users\288568\.m2\repository\org\seleniumhq\selenium\selenium-firefox-xpi-driver\4.0.0\selenium-firefox-xpi-driver-4.0.0.jar;C:\Users\288568\.m2\repository\com\aventstack\extentreports\4.0.6\extentreports-4.0.6.jar;C:\Users\288568\.m2\repository\org\freemarker\freemarker\2.3.23\freemarker-2.3.23.jar;C:\Users\288568\.m2\repository\org\mongodb\mongodb-driver\3.3.0\mongodb-driver-3.3.0.jar;C:\Users\288568\.m2\repository\org\mongodb\mongodb-driver-core\3.3.0\mongodb-driver-core-3.3.0.jar;C:\Users\288568\.m2\repository\org\mongodb\bson\3.3.0\bson-3.3.0.jar;C:\Users\288568\.m2\repository\org\apache\httpcomponents\httpclient\4.5.2\httpclient-4.5.2.jar;C:\Users\288568\.m2\repository\org\apache\httpcomponents\httpcore\4.4.4\httpcore-4.4.4.jar;C:\Users\288568\.m2\repository\commons-logging\commons-logging\1.2\commons-logging-1.2.jar;C:\Users\288568\.m2\repository\org\apache\httpcomponents\httpmime\4.5.2\httpmime-4.5.2.jar;C:\Users\288568\.m2\repository\org\apache\poi\poi\5.0.0\poi-5.0.0.jar;C:\Users\288568\.m2\repository\org\slf4j\jcl-over-slf4j\1.7.30\jcl-over-slf4j-1.7.30.jar;C:\Users\288568\.m2\repository\commons-codec\commons-codec\1.15\commons-codec-1.15.jar;C:\Users\288568\.m2\repository\org\apache\commons\commons-collections4\4.4\commons-collections4-4.4.jar;C:\Users\288568\.m2\repository\org\apache\commons\commons-math3\3.6.1\commons-math3-3.6.1.jar;C:\Users\288568\.m2\repository\com\zaxxer\SparseBitSet\1.2\SparseBitSet-1.2.jar;C:\Users\288568\.m2\repository\org\apache\poi\poi-ooxml\5.0.0\poi-ooxml-5.0.0.jar;C:\Users\288568\.m2\repository\org\apache\poi\poi-ooxml-lite\5.0.0\poi-ooxml-lite-5.0.0.jar;C:\Users\288568\.m2\repository\org\apache\xmlbeans\xmlbeans\4.0.0\xmlbeans-4.0.0.jar;C:\Users\288568\.m2\repository\xml-apis\xml-apis\1.4.01\xml-apis-1.4.01.jar;C:\Users\288568\.m2\repository\org\apache\commons\commons-compress\1.20\commons-compress-1.20.jar;C:\Users\288568\.m2\repository\com\github\virtuald\curvesapi\1.06\curvesapi-1.06.jar;C:\Users\288568\.m2\repository\org\bouncycastle\bcpkix-jdk15on\1.68\bcpkix-jdk15on-1.68.jar;C:\Users\288568\.m2\repository\org\bouncycastle\bcprov-jdk15on\1.68\bcprov-jdk15on-1.68.jar;C:\Users\288568\.m2\repository\org\apache\santuario\xmlsec\2.2.1\xmlsec-2.2.1.jar;C:\Users\288568\.m2\repository\com\fasterxml\woodstox\woodstox-core\5.2.1\woodstox-core-5.2.1.jar;C:\Users\288568\.m2\repository\org\codehaus\woodstox\stax2-api\4.2\stax2-api-4.2.jar;C:\Users\288568\.m2\repository\org\apache\xmlgraphics\batik-all\1.13\batik-all-1.13.jar;C:\Users\288568\.m2\repository\org\apache\xmlgraphics\batik-anim\1.13\batik-anim-1.13.jar;C:\Users\288568\.m2\repository\org\apache\xmlgraphics\batik-shared-resources\1.13\batik-shared-resources-1.13.jar;C:\Users\288568\.m2\repository\xml-apis\xml-apis-ext\1.3.04\xml-apis-ext-1.3.04.jar;C:\Users\288568\.m2\repository\org\apache\xmlgraphics\batik-awt-util\1.13\batik-awt-util-1.13.jar;C:\Users\288568\.m2\repository\org\apache\xmlgraphics\xmlgraphics-commons\2.4\xmlgraphics-commons-2.4.jar;C:\Users\288568\.m2\repository\org\apache\xmlgraphics\batik-bridge\1.13\batik-bridge-1.13.jar;C:\Users\288568\.m2\repository\org\apache\xmlgraphics\batik-codec\1.13\batik-codec-1.13.jar;C:\Users\288568\.m2\repository\org\apache\xmlgraphics\batik-constants\1.13\batik-constants-1.13.jar;C:\Users\288568\.m2\repository\org\apache\xmlgraphics\batik-css\1.13\batik-css-1.13.jar;C:\Users\288568\.m2\repository\org\apache\xmlgraphics\batik-dom\1.13\batik-dom-1.13.jar;C:\Users\288568\.m2\repository\xalan\xalan\2.7.2\xalan-2.7.2.jar;C:\Users\288568\.m2\repository\xalan\serializer\2.7.2\serializer-2.7.2.jar;C:\Users\288568\.m2\repository\org\apache\xmlgraphics\batik-ext\1.13\batik-ext-1.13.jar;C:\Users\288568\.m2\repository\org\apache\xmlgraphics\batik-extension\1.13\batik-extension-1.13.jar;C:\Users\288568\.m2\repository\org\apache\xmlgraphics\batik-gui-util\1.13\batik-gui-util-1.13.jar;C:\Users\288568\.m2\repository\org\apache\xmlgraphics\batik-gvt\1.13\batik-gvt-1.13.jar;C:\Users\288568\.m2\repository\org\apache\xmlgraphics\batik-i18n\1.13\batik-i18n-1.13.jar;C:\Users\288568\.m2\repository\org\apache\xmlgraphics\batik-parser\1.13\batik-parser-1.13.jar;C:\Users\288568\.m2\repository\org\apache\xmlgraphics\batik-rasterizer-ext\1.13\batik-rasterizer-ext-1.13.jar;C:\Users\288568\.m2\repository\org\apache\xmlgraphics\batik-rasterizer\1.13\batik-rasterizer-1.13.jar;C:\Users\288568\.m2\repository\org\apache\xmlgraphics\batik-script\1.13\batik-script-1.13.jar;C:\Users\288568\.m2\repository\org\apache\xmlgraphics\batik-slideshow\1.13\batik-slideshow-1.13.jar;C:\Users\288568\.m2\repository\org\apache\xmlgraphics\batik-squiggle-ext\1.13\batik-squiggle-ext-1.13.jar;C:\Users\288568\.m2\repository\org\apache\xmlgraphics\batik-squiggle\1.13\batik-squiggle-1.13.jar;C:\Users\288568\.m2\repository\org\apache\xmlgraphics\batik-svg-dom\1.13\batik-svg-dom-1.13.jar;C:\Users\288568\.m2\repository\org\apache\xmlgraphics\batik-svgbrowser\1.13\batik-svgbrowser-1.13.jar;C:\Users\288568\.m2\repository\org\apache\xmlgraphics\batik-svggen\1.13\batik-svggen-1.13.jar;C:\Users\288568\.m2\repository\org\apache\xmlgraphics\batik-svgpp\1.13\batik-svgpp-1.13.jar;C:\Users\288568\.m2\repository\org\apache\xmlgraphics\batik-svgrasterizer\1.13\batik-svgrasterizer-1.13.jar;C:\Users\288568\.m2\repository\org\apache\xmlgraphics\batik-swing\1.13\batik-swing-1.13.jar;C:\Users\288568\.m2\repository\org\apache\xmlgraphics\batik-transcoder\1.13\batik-transcoder-1.13.jar;C:\Users\288568\.m2\repository\org\apache\xmlgraphics\batik-util\1.13\batik-util-1.13.jar;C:\Users\288568\.m2\repository\org\apache\xmlgraphics\batik-ttf2svg\1.13\batik-ttf2svg-1.13.jar;C:\Users\288568\.m2\repository\org\apache\xmlgraphics\batik-xml\1.13\batik-xml-1.13.jar;C:\Users\288568\.m2\repository\de\rototor\pdfbox\graphics2d\0.30\graphics2d-0.30.jar;C:\Users\288568\.m2\repository\org\apache\pdfbox\pdfbox\2.0.22\pdfbox-2.0.22.jar;C:\Users\288568\.m2\repository\org\apache\pdfbox\fontbox\2.0.22\fontbox-2.0.22.jar;C:\Users\288568\.m2\repository\org\testng\testng\7.4.0\testng-7.4.0.jar;C:\Users\288568\.m2\repository\org\webjars\jquery\3.5.1\jquery-3.5.1.jar;"/>
    <property name="sun.cpu.endian" value="little"/>
    <property name="user.home" value="C:\Users\288568"/>
    <property name="user.language" value="en"/>
    <property name="java.specification.vendor" value="Oracle Corporation"/>
    <property name="java.home" value="C:\Program Files\Java\jdk1.8.0_301\jre"/>
    <property name="basedir" value="C:\Users\288568\Desktop\Conneqt_Solutions\CBSL_Framework"/>
    <property name="file.separator" value="\"/>
    <property name="line.separator" value="&#10;"/>
    <property name="java.vm.specification.vendor" value="Oracle Corporation"/>
    <property name="java.specification.name" value="Java Platform API Specification"/>
    <property name="java.awt.graphicsenv" value="sun.awt.Win32GraphicsEnvironment"/>
    <property name="surefire.real.class.path" value="C:\Users\288568\AppData\Local\Temp\surefire3094130107032956364\surefirebooter500034279025941961.jar"/>
    <property name="sun.boot.class.path" value="C:\Program Files\Java\jdk1.8.0_301\jre\lib\resources.jar;C:\Program Files\Java\jdk1.8.0_301\jre\lib\rt.jar;C:\Program Files\Java\jdk1.8.0_301\jre\lib\sunrsasign.jar;C:\Program Files\Java\jdk1.8.0_301\jre\lib\jsse.jar;C:\Program Files\Java\jdk1.8.0_301\jre\lib\jce.jar;C:\Program Files\Java\jdk1.8.0_301\jre\lib\charsets.jar;C:\Program Files\Java\jdk1.8.0_301\jre\lib\jfr.jar;C:\Program Files\Java\jdk1.8.0_301\jre\classes"/>
    <property name="user.script" value=""/>
    <property name="sun.management.compiler" value="HotSpot 64-Bit Tiered Compilers"/>
    <property name="java.runtime.version" value="1.8.0_301-b09"/>
    <property name="user.name" value="288568"/>
    <property name="path.separator" value=";"/>
    <property name="os.version" value="10.0"/>
    <property name="java.endorsed.dirs" value="C:\Program Files\Java\jdk1.8.0_301\jre\lib\endorsed"/>
    <property name="java.runtime.name" value="Java(TM) SE Runtime Environment"/>
    <property name="file.encoding" value="Cp1252"/>
    <property name="java.vm.name" value="Java HotSpot(TM) 64-Bit Server VM"/>
    <property name="localRepository" value="C:\Users\288568\.m2\repository"/>
    <property name="java.vendor.url.bug" value="http://bugreport.sun.com/bugreport/"/>
    <property name="java.io.tmpdir" value="C:\Users\288568\AppData\Local\Temp\"/>
    <property name="java.version" value="1.8.0_301"/>
    <property name="user.dir" value="C:\Users\288568\Desktop\Conneqt_Solutions\CBSL_Framework"/>
    <property name="os.arch" value="amd64"/>
    <property name="java.vm.specification.name" value="Java Virtual Machine Specification"/>
    <property name="java.awt.printerjob" value="sun.awt.windows.WPrinterJob"/>
    <property name="sun.os.patch.level" value=""/>
    <property name="java.library.path" value="C:\Program Files\Java\jdk1.8.0_301\jre\bin;C:\windows\Sun\Java\bin;C:\windows\system32;C:\windows;C:/Soft/eclipse//plugins/org.eclipse.justj.openjdk.hotspot.jre.full.win32.x86_64_15.0.1.v20201027-0507/jre/bin/server;C:/Soft/eclipse//plugins/org.eclipse.justj.openjdk.hotspot.jre.full.win32.x86_64_15.0.1.v20201027-0507/jre/bin;C:\Program Files (x86)\Common Files\Oracle\Java\javapath;C:\windows\system32;C:\windows;C:\windows\System32\Wbem;C:\windows\System32\WindowsPowerShell\v1.0\;C:\windows\System32\OpenSSH\;C:\Users\288568\Downloads\apache-maven-3.8.3\bin;C:\Program Files\Java\jdk1.8.0_301\bin;C:\Program Files\Git\cmd;C:\Users\288568\AppData\Local\Microsoft\WindowsApps;;C:\Soft\eclipse;;."/>
    <property name="java.vm.info" value="mixed mode"/>
    <property name="java.vendor" value="Oracle Corporation"/>
    <property name="java.vm.version" value="25.301-b09"/>
    <property name="java.ext.dirs" value="C:\Program Files\Java\jdk1.8.0_301\jre\lib\ext;C:\windows\Sun\Java\lib\ext"/>
    <property name="sun.io.unicode.encoding" value="UnicodeLittle"/>
    <property name="java.class.version" value="52.0"/>
  </properties>
  <testcase name="loginTest" classname="org.cbsl.testcases.TC_AddEmployee" time="14.776">
    <system-out><![CDATA[Smoker Check Box is unselected...
]]></system-out>
    <system-err><![CDATA[[main] INFO io.github.bonigarcia.wdm.WebDriverManager - Using chromedriver 96.0.4664.45 (resolved driver for Chrome 96)
[main] INFO io.github.bonigarcia.wdm.WebDriverManager - Exporting webdriver.chrome.driver as C:\Users\288568\.cache\selenium\chromedriver\win32\96.0.4664.45\chromedriver.exe
Starting ChromeDriver 96.0.4664.45 (76e4c1bb2ab4671b8beba3444e61c0f17584b2fc-refs/branch-heads/4664@{#947}) on port 19614
Only local connections are allowed.
Please see https://chromedriver.chromium.org/security-considerations for suggestions on keeping ChromeDriver safe.
ChromeDriver was started successfully.
Dec 03, 2021 11:17:59 AM org.openqa.selenium.remote.ProtocolHandshake createSession
INFO: Detected dialect: W3C
]]></system-err>
  </testcase>
  <testcase name="mYTest" classname="org.cbsl.testcases.TC_AddEmployee" time="0.001">
    <system-out><![CDATA[Hello Ritik ....Parallel Testing Demo
]]></system-out>
    <system-err><![CDATA[[main] INFO io.github.bonigarcia.wdm.WebDriverManager - Using chromedriver 96.0.4664.45 (resolved driver for Chrome 96)
[main] INFO io.github.bonigarcia.wdm.WebDriverManager - Exporting webdriver.chrome.driver as C:\Users\288568\.cache\selenium\chromedriver\win32\96.0.4664.45\chromedriver.exe
Starting ChromeDriver 96.0.4664.45 (76e4c1bb2ab4671b8beba3444e61c0f17584b2fc-refs/branch-heads/4664@{#947}) on port 27281
Only local connections are allowed.
Please see https://chromedriver.chromium.org/security-considerations for suggestions on keeping ChromeDriver safe.
ChromeDriver was started successfully.
Dec 03, 2021 11:18:23 AM org.openqa.selenium.remote.ProtocolHandshake createSession
INFO: Detected dialect: W3C
]]></system-err>
  </testcase>
</testsuite>