<?xml version="1.0" encoding="UTF-8"?>
<!-- Generated by org.testng.reporters.JUnitReportReporter -->
<testsuite skipped="0" hostname="5CD138MBF9" name="org.cbsl.testcases.TC_AddEmployee" tests="2" failures="0" timestamp="2021-12-03T11:18:32 IST" time="35.870" errors="0">
  <testcase name="loginTest" time="26.594" classname="org.cbsl.testcases.TC_AddEmployee"/>
  <system-out/>
  <testcase name="mYTest" time="9.276" classname="org.cbsl.testcases.TC_AddEmployee"/>
  <system-out/>
</testsuite> <!-- org.cbsl.testcases.TC_AddEmployee -->
