<?xml version="1.0" encoding="UTF-8"?>
<!-- Generated by org.testng.reporters.JUnitReportReporter -->
<testsuite skipped="0" hostname="5CD138MBF9" name="org.cbsl.testcases.Dummy" tests="2" failures="0" timestamp="2021-11-25T14:24:46 IST" time="17.404" errors="0">
  <testcase name="GoogleTittleValidation" time="8.438" classname="org.cbsl.testcases.Dummy"/>
  <system-out/>
  <testcase name="GoogleLogoValidation" time="8.966" classname="org.cbsl.testcases.Dummy"/>
  <system-out/>
</testsuite> <!-- org.cbsl.testcases.Dummy -->
