<?xml version="1.0" encoding="UTF-8"?>
<!-- Generated by org.testng.reporters.JUnitReportReporter -->
<testsuite skipped="0" hostname="5CD138MBF9" name="org.cbsl.testcases.TC_AddEmployee" tests="1" failures="0" timestamp="2023-03-14T09:59:08 IST" time="35.219" errors="0">
  <testcase name="testcase001_loginTest" time="35.219" classname="org.cbsl.testcases.TC_AddEmployee"/>
  <system-out/>
</testsuite> <!-- org.cbsl.testcases.TC_AddEmployee -->
