<?xml version="1.0" encoding="UTF-8"?>
<!-- Generated by org.testng.reporters.JUnitReportReporter -->
<testsuite skipped="0" hostname="5CD138MBF9" name="org.cbsl.utility.WebUtill" tests="1" failures="0" timestamp="2021-11-24T16:54:20 IST" time="6.231" errors="0">
  <testcase name="m1" time="6.231" classname="org.cbsl.utility.WebUtill"/>
  <system-out/>
</testsuite> <!-- org.cbsl.utility.WebUtill -->
