<?xml version="1.0" encoding="UTF-8"?>
<!-- Generated by org.testng.reporters.JUnitReportReporter -->
<testsuite skipped="0" hostname="5CD138MBF9" name="org.cbsl.testcases.TC_AddEmployee" tests="2" failures="0" timestamp="2022-02-23T12:06:17 IST" time="270.349" errors="0">
  <testcase name="testcase001_loginTest" time="126.479" classname="org.cbsl.testcases.TC_AddEmployee"/>
  <system-out/>
  <testcase name="testcase001_loginTest" time="143.870" classname="org.cbsl.testcases.TC_AddEmployee"/>
  <system-out/>
</testsuite> <!-- org.cbsl.testcases.TC_AddEmployee -->
