<?xml version="1.0" encoding="UTF-8"?>
<!-- Generated by org.testng.reporters.JUnitReportReporter -->
<testsuite skipped="0" hostname="5CD138MBF9" name="org.cbsl.testcases.TC_AddEmployee" tests="1" failures="0" timestamp="2023-02-02T16:45:47 IST" time="32.551" errors="0">
  <testcase name="testcase001_loginTest" time="32.551" classname="org.cbsl.testcases.TC_AddEmployee"/>
  <system-out/>
</testsuite> <!-- org.cbsl.testcases.TC_AddEmployee -->
